<?xml version="1.0" encoding="UTF-8"?>
<testsuite xmlns:xsi="http://www.w3.org/2001/XMLSchema-instance" xsi:noNamespaceSchemaLocation="https://maven.apache.org/surefire/maven-surefire-plugin/xsd/surefire-test-report.xsd" name="com.andrezasecon.app.resouces.ProductResourceTests" time="3.761" tests="8" errors="0" skipped="0" failures="0">
  <properties>
[...]
</properties>
  <testcase name="deleteShouldReturnNoContentWhenIdExists" classname="com.andrezasecon.app.resouces.ProductResourceTests" time="0.491"/>
  <testcase name="findAllShouldReturnPage" classname="com.andrezasecon.app.resouces.ProductResourceTests" time="0.033"/>
  <testcase name="findByIdShouldReturnProductWhenIdExists" classname="com.andrezasecon.app.resouces.ProductResourceTests" time="0.022"/>
  <testcase name="updateShouldReturnProductDTOWhenIdExists" classname="com.andrezasecon.app.resouces.ProductResourceTests" time="0.205"/>
  <testcase name="deleteShouldReturnNotFoundWhenIdDoesNotExist" classname="com.andrezasecon.app.resouces.ProductResourceTests" time="0.14"/>
  <testcase name="updateShouldReturnNotFoundWhenIdDoesNotExist" classname="com.andrezasecon.app.resouces.ProductResourceTests" time="0.145"/>
  <testcase name="findByIdShouldReturnNotFoundWhenIdDoesNotExist" classname="com.andrezasecon.app.resouces.ProductResourceTests" time="0.006"/>
  <testcase name="insertShouldReturnProductDTOCreated" classname="com.andrezasecon.app.resouces.ProductResourceTests" time="0.138"/>
</testsuite>